This is pdfTeX, Version 3.141592653-2.6-1.40.24 (TeX Live 2022) (preloaded format=pdflatex 2022.11.16)  7 MAR 2023 18:18
entering extended mode
 restricted \write18 enabled.
 file:line:error style messages enabled.
 %&-line parsing enabled.
**/Users/ferriskleier/PECK/DigitalHumanities/Lovecraft_TopicModel/Project/ausarbeitung.tex
(/Users/ferriskleier/PECK/DigitalHumanities/Lovecraft_TopicModel/Project/ausarbeitung.tex
LaTeX2e <2021-11-15> patch level 1
L3 programming layer <2022-02-24> (/usr/local/texlive/2022/texmf-dist/tex/latex/base/article.cls
Document Class: article 2021/10/04 v1.4n Standard LaTeX document class
(/usr/local/texlive/2022/texmf-dist/tex/latex/base/size11.clo
File: size11.clo 2021/10/04 v1.4n Standard LaTeX file (size option)
)
\c@part=\count185
\c@section=\count186
\c@subsection=\count187
\c@subsubsection=\count188
\c@paragraph=\count189
\c@subparagraph=\count190
\c@figure=\count191
\c@table=\count192
\abovecaptionskip=\skip47
\belowcaptionskip=\skip48
\bibindent=\dimen138
) (/usr/local/texlive/2022/texmf-dist/tex/latex/lipsum/lipsum.sty (/usr/local/texlive/2022/texmf-dist/tex/latex/l3packages/l3keys2e/l3keys2e.sty (/usr/local/texlive/2022/texmf-dist/tex/latex/l3kernel/expl3.sty
Package: expl3 2022-02-24 L3 programming layer (loader) 
 (/usr/local/texlive/2022/texmf-dist/tex/latex/l3backend/l3backend-pdftex.def
File: l3backend-pdftex.def 2022-02-07 L3 backend support: PDF output (pdfTeX)
\l__color_backend_stack_int=\count193
\l__pdf_internal_box=\box50
))
Package: l3keys2e 2022-01-12 LaTeX2e option processing using LaTeX3 keys
)
Package: lipsum 2021-09-20 v2.7 150 paragraphs of Lorem Ipsum dummy text
\g__lipsum_par_int=\count194
\l__lipsum_a_int=\count195
\l__lipsum_b_int=\count196
 (/usr/local/texlive/2022/texmf-dist/tex/latex/lipsum/lipsum.ltd.tex)) (/usr/local/texlive/2022/texmf-dist/tex/latex/amsmath/amsmath.sty
Package: amsmath 2021/10/15 v2.17l AMS math features
\@mathmargin=\skip49

For additional information on amsmath, use the `?' option.
(/usr/local/texlive/2022/texmf-dist/tex/latex/amsmath/amstext.sty
Package: amstext 2021/08/26 v2.01 AMS text
 (/usr/local/texlive/2022/texmf-dist/tex/latex/amsmath/amsgen.sty
File: amsgen.sty 1999/11/30 v2.0 generic functions
\@emptytoks=\toks16
\ex@=\dimen139
)) (/usr/local/texlive/2022/texmf-dist/tex/latex/amsmath/amsbsy.sty
Package: amsbsy 1999/11/29 v1.2d Bold Symbols
\pmbraise@=\dimen140
) (/usr/local/texlive/2022/texmf-dist/tex/latex/amsmath/amsopn.sty
Package: amsopn 2021/08/26 v2.02 operator names
)
\inf@bad=\count197
LaTeX Info: Redefining \frac on input line 234.
\uproot@=\count198
\leftroot@=\count199
LaTeX Info: Redefining \overline on input line 399.
\classnum@=\count266
\DOTSCASE@=\count267
LaTeX Info: Redefining \ldots on input line 496.
LaTeX Info: Redefining \dots on input line 499.
LaTeX Info: Redefining \cdots on input line 620.
\Mathstrutbox@=\box51
\strutbox@=\box52
\big@size=\dimen141
LaTeX Font Info:    Redeclaring font encoding OML on input line 743.
LaTeX Font Info:    Redeclaring font encoding OMS on input line 744.
\macc@depth=\count268
\c@MaxMatrixCols=\count269
\dotsspace@=\muskip16
\c@parentequation=\count270
\dspbrk@lvl=\count271
\tag@help=\toks17
\row@=\count272
\column@=\count273
\maxfields@=\count274
\andhelp@=\toks18
\eqnshift@=\dimen142
\alignsep@=\dimen143
\tagshift@=\dimen144
\tagwidth@=\dimen145
\totwidth@=\dimen146
\lineht@=\dimen147
\@envbody=\toks19
\multlinegap=\skip50
\multlinetaggap=\skip51
\mathdisplay@stack=\toks20
LaTeX Info: Redefining \[ on input line 2938.
LaTeX Info: Redefining \] on input line 2939.
) (/usr/local/texlive/2022/texmf-dist/tex/latex/graphics/graphicx.sty
Package: graphicx 2021/09/16 v1.2d Enhanced LaTeX Graphics (DPC,SPQR)
 (/usr/local/texlive/2022/texmf-dist/tex/latex/graphics/keyval.sty
Package: keyval 2014/10/28 v1.15 key=value parser (DPC)
\KV@toks@=\toks21
) (/usr/local/texlive/2022/texmf-dist/tex/latex/graphics/graphics.sty
Package: graphics 2021/03/04 v1.4d Standard LaTeX Graphics (DPC,SPQR)
 (/usr/local/texlive/2022/texmf-dist/tex/latex/graphics/trig.sty
Package: trig 2021/08/11 v1.11 sin cos tan (DPC)
) (/usr/local/texlive/2022/texmf-dist/tex/latex/graphics-cfg/graphics.cfg
File: graphics.cfg 2016/06/04 v1.11 sample graphics configuration
)
Package graphics Info: Driver file: pdftex.def on input line 107.
 (/usr/local/texlive/2022/texmf-dist/tex/latex/graphics-def/pdftex.def
File: pdftex.def 2020/10/05 v1.2a Graphics/color driver for pdftex
))
\Gin@req@height=\dimen148
\Gin@req@width=\dimen149
) (/usr/local/texlive/2022/texmf-dist/tex/latex/geometry/geometry.sty
Package: geometry 2020/01/02 v5.9 Page Geometry
 (/usr/local/texlive/2022/texmf-dist/tex/generic/iftex/ifvtex.sty
Package: ifvtex 2019/10/25 v1.7 ifvtex legacy package. Use iftex instead.
 (/usr/local/texlive/2022/texmf-dist/tex/generic/iftex/iftex.sty
Package: iftex 2022/02/03 v1.0f TeX engine tests
))
\Gm@cnth=\count275
\Gm@cntv=\count276
\c@Gm@tempcnt=\count277
\Gm@bindingoffset=\dimen150
\Gm@wd@mp=\dimen151
\Gm@odd@mp=\dimen152
\Gm@even@mp=\dimen153
\Gm@layoutwidth=\dimen154
\Gm@layoutheight=\dimen155
\Gm@layouthoffset=\dimen156
\Gm@layoutvoffset=\dimen157
\Gm@dimlist=\toks22
) (/usr/local/texlive/2022/texmf-dist/tex/latex/csquotes/csquotes.sty
Package: csquotes 2021-02-22 v5.2l context-sensitive quotations (JAW)
 (/usr/local/texlive/2022/texmf-dist/tex/latex/etoolbox/etoolbox.sty
Package: etoolbox 2020/10/05 v2.5k e-TeX tools for LaTeX (JAW)
\etb@tempcnta=\count278
)
\csq@reset=\count279
\csq@gtype=\count280
\csq@glevel=\count281
\csq@qlevel=\count282
\csq@maxlvl=\count283
\csq@tshold=\count284
\csq@ltx@everypar=\toks23
 (/usr/local/texlive/2022/texmf-dist/tex/latex/csquotes/csquotes.def
File: csquotes.def 2021-02-22 v5.2l csquotes generic definitions (JAW)
)
Package csquotes Info: Trying to load configuration file 'csquotes.cfg'...
Package csquotes Info: ... configuration file loaded successfully.
 (/usr/local/texlive/2022/texmf-dist/tex/latex/csquotes/csquotes.cfg
File: csquotes.cfg 
)) (/usr/local/texlive/2022/texmf-dist/tex/latex/endnotes/endnotes.sty
Package: endnotes 2020-01-02 endnotes package
\c@endnote=\count285
\endnotesep=\dimen158
\@enotes=\write3
) (/usr/local/texlive/2022/texmf-dist/tex/latex/hyperref/hyperref.sty
Package: hyperref 2022-02-21 v7.00n Hypertext links for LaTeX
 (/usr/local/texlive/2022/texmf-dist/tex/generic/ltxcmds/ltxcmds.sty
Package: ltxcmds 2020-05-10 v1.25 LaTeX kernel commands for general use (HO)
) (/usr/local/texlive/2022/texmf-dist/tex/generic/pdftexcmds/pdftexcmds.sty
Package: pdftexcmds 2020-06-27 v0.33 Utility functions of pdfTeX for LuaTeX (HO)
 (/usr/local/texlive/2022/texmf-dist/tex/generic/infwarerr/infwarerr.sty
Package: infwarerr 2019/12/03 v1.5 Providing info/warning/error messages (HO)
)
Package pdftexcmds Info: \pdf@primitive is available.
Package pdftexcmds Info: \pdf@ifprimitive is available.
Package pdftexcmds Info: \pdfdraftmode found.
) (/usr/local/texlive/2022/texmf-dist/tex/generic/kvsetkeys/kvsetkeys.sty
Package: kvsetkeys 2019/12/15 v1.18 Key value parser (HO)
) (/usr/local/texlive/2022/texmf-dist/tex/generic/kvdefinekeys/kvdefinekeys.sty
Package: kvdefinekeys 2019-12-19 v1.6 Define keys (HO)
) (/usr/local/texlive/2022/texmf-dist/tex/generic/pdfescape/pdfescape.sty
Package: pdfescape 2019/12/09 v1.15 Implements pdfTeX's escape features (HO)
) (/usr/local/texlive/2022/texmf-dist/tex/latex/hycolor/hycolor.sty
Package: hycolor 2020-01-27 v1.10 Color options for hyperref/bookmark (HO)
) (/usr/local/texlive/2022/texmf-dist/tex/latex/letltxmacro/letltxmacro.sty
Package: letltxmacro 2019/12/03 v1.6 Let assignment for LaTeX macros (HO)
) (/usr/local/texlive/2022/texmf-dist/tex/latex/auxhook/auxhook.sty
Package: auxhook 2019-12-17 v1.6 Hooks for auxiliary files (HO)
) (/usr/local/texlive/2022/texmf-dist/tex/latex/kvoptions/kvoptions.sty
Package: kvoptions 2020-10-07 v3.14 Key value format for package options (HO)
)
\@linkdim=\dimen159
\Hy@linkcounter=\count286
\Hy@pagecounter=\count287
 (/usr/local/texlive/2022/texmf-dist/tex/latex/hyperref/pd1enc.def
File: pd1enc.def 2022-02-21 v7.00n Hyperref: PDFDocEncoding definition (HO)
Now handling font encoding PD1 ...
... no UTF-8 mapping file for font encoding PD1
) (/usr/local/texlive/2022/texmf-dist/tex/generic/intcalc/intcalc.sty
Package: intcalc 2019/12/15 v1.3 Expandable calculations with integers (HO)
) (/usr/local/texlive/2022/texmf-dist/tex/generic/etexcmds/etexcmds.sty
Package: etexcmds 2019/12/15 v1.7 Avoid name clashes with e-TeX commands (HO)
)
\Hy@SavedSpaceFactor=\count288
 (/usr/local/texlive/2022/texmf-dist/tex/latex/hyperref/puenc.def
File: puenc.def 2022-02-21 v7.00n Hyperref: PDF Unicode definition (HO)
Now handling font encoding PU ...
... no UTF-8 mapping file for font encoding PU
)
Package hyperref Info: Hyper figures OFF on input line 4137.
Package hyperref Info: Link nesting OFF on input line 4142.
Package hyperref Info: Hyper index ON on input line 4145.
Package hyperref Info: Plain pages OFF on input line 4152.
Package hyperref Info: Backreferencing OFF on input line 4157.
Package hyperref Info: Implicit mode ON; LaTeX internals redefined.
Package hyperref Info: Bookmarks ON on input line 4390.
\c@Hy@tempcnt=\count289
 (/usr/local/texlive/2022/texmf-dist/tex/latex/url/url.sty
\Urlmuskip=\muskip17
Package: url 2013/09/16  ver 3.4  Verb mode for urls, etc.
)
LaTeX Info: Redefining \url on input line 4749.
\XeTeXLinkMargin=\dimen160
 (/usr/local/texlive/2022/texmf-dist/tex/generic/bitset/bitset.sty
Package: bitset 2019/12/09 v1.3 Handle bit-vector datatype (HO)
 (/usr/local/texlive/2022/texmf-dist/tex/generic/bigintcalc/bigintcalc.sty
Package: bigintcalc 2019/12/15 v1.5 Expandable calculations on big integers (HO)
))
\Fld@menulength=\count290
\Field@Width=\dimen161
\Fld@charsize=\dimen162
Package hyperref Info: Hyper figures OFF on input line 6027.
Package hyperref Info: Link nesting OFF on input line 6032.
Package hyperref Info: Hyper index ON on input line 6035.
Package hyperref Info: backreferencing OFF on input line 6042.
Package hyperref Info: Link coloring OFF on input line 6047.
Package hyperref Info: Link coloring with OCG OFF on input line 6052.
Package hyperref Info: PDF/A mode OFF on input line 6057.
LaTeX Info: Redefining \ref on input line 6097.
LaTeX Info: Redefining \pageref on input line 6101.
 (/usr/local/texlive/2022/texmf-dist/tex/latex/base/atbegshi-ltx.sty
Package: atbegshi-ltx 2021/01/10 v1.0c Emulation of the original atbegshi
package with kernel methods
)
\Hy@abspage=\count291
\c@Item=\count292
\c@Hfootnote=\count293
)
Package hyperref Info: Driver (autodetected): hpdftex.
 (/usr/local/texlive/2022/texmf-dist/tex/latex/hyperref/hpdftex.def
File: hpdftex.def 2022-02-21 v7.00n Hyperref driver for pdfTeX
 (/usr/local/texlive/2022/texmf-dist/tex/latex/base/atveryend-ltx.sty
Package: atveryend-ltx 2020/08/19 v1.0a Emulation of the original atveryend package
with kernel methods
)
\Fld@listcount=\count294
\c@bookmark@seq@number=\count295
 (/usr/local/texlive/2022/texmf-dist/tex/latex/rerunfilecheck/rerunfilecheck.sty
Package: rerunfilecheck 2019/12/05 v1.9 Rerun checks for auxiliary files (HO)
 (/usr/local/texlive/2022/texmf-dist/tex/generic/uniquecounter/uniquecounter.sty
Package: uniquecounter 2019/12/15 v1.4 Provide unlimited unique counter (HO)
)
Package uniquecounter Info: New unique counter `rerunfilecheck' on input line 286.
)
\Hy@SectionHShift=\skip52
) (/usr/local/texlive/2022/texmf-dist/tex/generic/babel/babel.sty
Package: babel 2022/02/26 3.73 The Babel package
\babel@savecnt=\count296
\U@D=\dimen163
\l@unhyphenated=\language87
 (/usr/local/texlive/2022/texmf-dist/tex/generic/babel/txtbabel.def)
\bbl@readstream=\read2
\bbl@dirlevel=\count297
 (/usr/local/texlive/2022/texmf-dist/tex/generic/babel-english/english.ldf
Language: english 2017/06/06 v3.3r English support from the babel system
Package babel Info: Hyphen rules for 'canadian' set to \l@english
(babel)             (\language0). Reported on input line 102.
Package babel Info: Hyphen rules for 'australian' set to \l@ukenglish
(babel)             (\language21). Reported on input line 105.
Package babel Info: Hyphen rules for 'newzealand' set to \l@ukenglish
(babel)             (\language21). Reported on input line 108.
))
Package csquotes Info: Checking for multilingual support...
Package csquotes Info: ... found 'babel' package.
Package csquotes Info: Adjusting default style.
Package csquotes Info: Redefining alias 'default' -> 'english'.
 (./ausarbeitung.aux)
\openout1 = `ausarbeitung.aux'.

LaTeX Font Info:    Checking defaults for OML/cmm/m/it on input line 20.
LaTeX Font Info:    ... okay on input line 20.
LaTeX Font Info:    Checking defaults for OMS/cmsy/m/n on input line 20.
LaTeX Font Info:    ... okay on input line 20.
LaTeX Font Info:    Checking defaults for OT1/cmr/m/n on input line 20.
LaTeX Font Info:    ... okay on input line 20.
LaTeX Font Info:    Checking defaults for T1/cmr/m/n on input line 20.
LaTeX Font Info:    ... okay on input line 20.
LaTeX Font Info:    Checking defaults for TS1/cmr/m/n on input line 20.
LaTeX Font Info:    ... okay on input line 20.
LaTeX Font Info:    Checking defaults for OMX/cmex/m/n on input line 20.
LaTeX Font Info:    ... okay on input line 20.
LaTeX Font Info:    Checking defaults for U/cmr/m/n on input line 20.
LaTeX Font Info:    ... okay on input line 20.
LaTeX Font Info:    Checking defaults for PD1/pdf/m/n on input line 20.
LaTeX Font Info:    ... okay on input line 20.
LaTeX Font Info:    Checking defaults for PU/pdf/m/n on input line 20.
LaTeX Font Info:    ... okay on input line 20.
 (/usr/local/texlive/2022/texmf-dist/tex/context/base/mkii/supp-pdf.mkii
[Loading MPS to PDF converter (version 2006.09.02).]
\scratchcounter=\count298
\scratchdimen=\dimen164
\scratchbox=\box53
\nofMPsegments=\count299
\nofMParguments=\count300
\everyMPshowfont=\toks24
\MPscratchCnt=\count301
\MPscratchDim=\dimen165
\MPnumerator=\count302
\makeMPintoPDFobject=\count303
\everyMPtoPDFconversion=\toks25
) (/usr/local/texlive/2022/texmf-dist/tex/latex/epstopdf-pkg/epstopdf-base.sty
Package: epstopdf-base 2020-01-24 v2.11 Base part for package epstopdf
 (/usr/local/texlive/2022/texmf-dist/tex/latex/grfext/grfext.sty
Package: grfext 2019/12/03 v1.3 Manage graphics extensions (HO)
)
Package epstopdf-base Info: Redefining graphics rule for `.eps' on input line 485.
Package grfext Info: Graphics extension search list:
(grfext)             [.pdf,.png,.jpg,.mps,.jpeg,.jbig2,.jb2,.PDF,.PNG,.JPG,.JPEG,.JBIG2,.JB2,.eps]
(grfext)             \AppendGraphicsExtensions on input line 504.
 (/usr/local/texlive/2022/texmf-dist/tex/latex/latexconfig/epstopdf-sys.cfg
File: epstopdf-sys.cfg 2010/07/13 v1.3 Configuration of (r)epstopdf for TeX Live
))
*geometry* driver: auto-detecting
*geometry* detected driver: pdftex
*geometry* verbose mode - [ preamble ] result:
* driver: pdftex
* paper: <default>
* layout: <same size as paper>
* layoutoffset:(h,v)=(0.0pt,0.0pt)
* modes: 
* h-part:(L,W,R)=(71.13188pt, 472.03123pt, 71.13188pt)
* v-part:(T,H,B)=(85.35826pt, 624.25346pt, 85.35826pt)
* \paperwidth=614.295pt
* \paperheight=794.96999pt
* \textwidth=472.03123pt
* \textheight=624.25346pt
* \oddsidemargin=-1.1381pt
* \evensidemargin=-1.1381pt
* \topmargin=-23.91173pt
* \headheight=12.0pt
* \headsep=25.0pt
* \topskip=11.0pt
* \footskip=30.0pt
* \marginparwidth=59.0pt
* \marginparsep=10.0pt
* \columnsep=10.0pt
* \skip\footins=10.0pt plus 4.0pt minus 2.0pt
* \hoffset=0.0pt
* \voffset=0.0pt
* \mag=1000
* \@twocolumnfalse
* \@twosidefalse
* \@mparswitchfalse
* \@reversemarginfalse
* (1in=72.27pt=25.4mm, 1cm=28.453pt)

Package hyperref Info: Link coloring OFF on input line 20.
(/usr/local/texlive/2022/texmf-dist/tex/latex/hyperref/nameref.sty
Package: nameref 2021-04-02 v2.47 Cross-referencing by name of section
 (/usr/local/texlive/2022/texmf-dist/tex/latex/refcount/refcount.sty
Package: refcount 2019/12/15 v3.6 Data extraction from label references (HO)
) (/usr/local/texlive/2022/texmf-dist/tex/generic/gettitlestring/gettitlestring.sty
Package: gettitlestring 2019/12/15 v1.6 Cleanup title references (HO)
)
\c@section@level=\count304
)
LaTeX Info: Redefining \ref on input line 20.
LaTeX Info: Redefining \pageref on input line 20.
LaTeX Info: Redefining \nameref on input line 20.
 (./ausarbeitung.out) (./ausarbeitung.out)
\@outlinefile=\write4
\openout4 = `ausarbeitung.out'.


Underfull \hbox (badness 10000) in paragraph at lines 23--29

 []

(./kapitel/01_introduction.tex
Underfull \hbox (badness 10000) in paragraph at lines 3--11

 []


Underfull \hbox (badness 10000) in paragraph at lines 12--23

 []

) (./kapitel/02_researchAgenda.tex
Underfull \hbox (badness 10000) in paragraph at lines 3--10

 []

[1

{/usr/local/texlive/2022/texmf-var/fonts/map/pdftex/updmap/pdftex.map}]
Underfull \hbox (badness 10000) in paragraph at lines 11--24

 []

) (./kapitel/03_data.tex
Underfull \hbox (badness 10000) in paragraph at lines 3--16

 []

[2]
Underfull \hbox (badness 10000) in paragraph at lines 17--33

 []

) (./kapitel/04_methods.tex
Underfull \hbox (badness 10000) in paragraph at lines 3--13

 []

[3]
Underfull \hbox (badness 10000) in paragraph at lines 14--20

 []


Underfull \hbox (badness 10000) in paragraph at lines 21--29

 []

) (./kapitel/05_related.tex
Underfull \hbox (badness 10000) in paragraph at lines 3--6

 []

[4]
Underfull \hbox (badness 10000) in paragraph at lines 7--14

 []


Underfull \hbox (badness 10000) in paragraph at lines 15--24

 []

) (./kapitel/06_experiment.tex
Underfull \hbox (badness 10000) in paragraph at lines 3--17

 []


Underfull \hbox (badness 10000) in paragraph at lines 18--38

 []

[5]) (./kapitel/07_results.tex [6]
</Users/ferriskleier/PECK/DigitalHumanities/Lovecraft_TopicModel/Project/images/plot.png, id=104, 989.6975pt x 574.145pt>
File: /Users/ferriskleier/PECK/DigitalHumanities/Lovecraft_TopicModel/Project/images/plot.png Graphic file (type png)
<use /Users/ferriskleier/PECK/DigitalHumanities/Lovecraft_TopicModel/Project/images/plot.png>
Package pdftex.def Info: /Users/ferriskleier/PECK/DigitalHumanities/Lovecraft_TopicModel/Project/images/plot.png  used on input line 30.
(pdftex.def)             Requested size: 472.03123pt x 273.83432pt.

Underfull \hbox (badness 10000) in paragraph at lines 35--44

 []


Underfull \hbox (badness 10000) in paragraph at lines 45--55

 []

[7 </Users/ferriskleier/PECK/DigitalHumanities/Lovecraft_TopicModel/Project/images/plot.png>]
Underfull \hbox (badness 10000) in paragraph at lines 56--112

 []

[8]
</Users/ferriskleier/PECK/DigitalHumanities/Lovecraft_TopicModel/Project/images/ldavis_model.png, id=128, 1499.6025pt x 866.23625pt>
File: /Users/ferriskleier/PECK/DigitalHumanities/Lovecraft_TopicModel/Project/images/ldavis_model.png Graphic file (type png)
<use /Users/ferriskleier/PECK/DigitalHumanities/Lovecraft_TopicModel/Project/images/ldavis_model.png>
Package pdftex.def Info: /Users/ferriskleier/PECK/DigitalHumanities/Lovecraft_TopicModel/Project/images/ldavis_model.png  used on input line 115.
(pdftex.def)             Requested size: 472.03123pt x 272.65437pt.
</Users/ferriskleier/PECK/DigitalHumanities/Lovecraft_TopicModel/results/LDAvis_lambda-1/ldavis_L-1_03.png, id=129, 1495.5875pt x 865.2325pt>
File: /Users/ferriskleier/PECK/DigitalHumanities/Lovecraft_TopicModel/results/LDAvis_lambda-1/ldavis_L-1_03.png Graphic file (type png)
<use /Users/ferriskleier/PECK/DigitalHumanities/Lovecraft_TopicModel/results/LDAvis_lambda-1/ldavis_L-1_03.png>
Package pdftex.def Info: /Users/ferriskleier/PECK/DigitalHumanities/Lovecraft_TopicModel/results/LDAvis_lambda-1/ldavis_L-1_03.png  used on input line 122.
(pdftex.def)             Requested size: 472.03123pt x 273.07777pt.
</Users/ferriskleier/PECK/DigitalHumanities/Lovecraft_TopicModel/results/LDAvis_lambda-1/ldavis_L-1_02.png, id=130, 1501.10812pt x 857.70438pt>
File: /Users/ferriskleier/PECK/DigitalHumanities/Lovecraft_TopicModel/results/LDAvis_lambda-1/ldavis_L-1_02.png Graphic file (type png)
<use /Users/ferriskleier/PECK/DigitalHumanities/Lovecraft_TopicModel/results/LDAvis_lambda-1/ldavis_L-1_02.png>
Package pdftex.def Info: /Users/ferriskleier/PECK/DigitalHumanities/Lovecraft_TopicModel/results/LDAvis_lambda-1/ldavis_L-1_02.png  used on input line 129.
(pdftex.def)             Requested size: 472.03123pt x 269.70715pt.

Underfull \hbox (badness 10000) in paragraph at lines 134--143

 []

[9 </Users/ferriskleier/PECK/DigitalHumanities/Lovecraft_TopicModel/Project/images/ldavis_model.png>] [10 </Users/ferriskleier/PECK/DigitalHumanities/Lovecraft_TopicModel/results/LDAvis_lambda-1/ldavis_L-1_03.png> </Users/ferriskleier/PECK/DigitalHumanities/Lovecraft_TopicModel/results/LDAvis_lambda-1/ldavis_L-1_02.png>]
Underfull \hbox (badness 10000) in paragraph at lines 144--152

 []


Underfull \hbox (badness 10000) in paragraph at lines 153--157

 []

</Users/ferriskleier/PECK/DigitalHumanities/Lovecraft_TopicModel/Project/images/ldavis_L-1_08.png, id=145, 748.29562pt x 840.13875pt>
File: /Users/ferriskleier/PECK/DigitalHumanities/Lovecraft_TopicModel/Project/images/ldavis_L-1_08.png Graphic file (type png)
<use /Users/ferriskleier/PECK/DigitalHumanities/Lovecraft_TopicModel/Project/images/ldavis_L-1_08.png>
Package pdftex.def Info: /Users/ferriskleier/PECK/DigitalHumanities/Lovecraft_TopicModel/Project/images/ldavis_L-1_08.png  used on input line 160.
(pdftex.def)             Requested size: 231.2979pt x 259.68398pt.
</Users/ferriskleier/PECK/DigitalHumanities/Lovecraft_TopicModel/Project/images/ldavis_L-1_12.png, id=146, 748.29562pt x 836.62563pt>
File: /Users/ferriskleier/PECK/DigitalHumanities/Lovecraft_TopicModel/Project/images/ldavis_L-1_12.png Graphic file (type png)
<use /Users/ferriskleier/PECK/DigitalHumanities/Lovecraft_TopicModel/Project/images/ldavis_L-1_12.png>
Package pdftex.def Info: /Users/ferriskleier/PECK/DigitalHumanities/Lovecraft_TopicModel/Project/images/ldavis_L-1_12.png  used on input line 161.
(pdftex.def)             Requested size: 231.2979pt x 258.59807pt.
</Users/ferriskleier/PECK/DigitalHumanities/Lovecraft_TopicModel/results/LDAvis_lambda-06/10.png, id=147, 1499.6025pt x 859.21pt>
File: /Users/ferriskleier/PECK/DigitalHumanities/Lovecraft_TopicModel/results/LDAvis_lambda-06/10.png Graphic file (type png)
<use /Users/ferriskleier/PECK/DigitalHumanities/Lovecraft_TopicModel/results/LDAvis_lambda-06/10.png>
Package pdftex.def Info: /Users/ferriskleier/PECK/DigitalHumanities/Lovecraft_TopicModel/results/LDAvis_lambda-06/10.png  used on input line 168.
(pdftex.def)             Requested size: 472.03123pt x 270.44281pt.
</Users/ferriskleier/PECK/DigitalHumanities/Lovecraft_TopicModel/results/LDAvis_lambda-02/11.png, id=148, 1499.10063pt x 865.2325pt>
File: /Users/ferriskleier/PECK/DigitalHumanities/Lovecraft_TopicModel/results/LDAvis_lambda-02/11.png Graphic file (type png)
<use /Users/ferriskleier/PECK/DigitalHumanities/Lovecraft_TopicModel/results/LDAvis_lambda-02/11.png>
Package pdftex.def Info: /Users/ferriskleier/PECK/DigitalHumanities/Lovecraft_TopicModel/results/LDAvis_lambda-02/11.png  used on input line 175.
(pdftex.def)             Requested size: 472.03123pt x 272.43086pt.

Underfull \hbox (badness 10000) in paragraph at lines 195--214

 []

[11] [12 </Users/ferriskleier/PECK/DigitalHumanities/Lovecraft_TopicModel/Project/images/ldavis_L-1_08.png> </Users/ferriskleier/PECK/DigitalHumanities/Lovecraft_TopicModel/Project/images/ldavis_L-1_12.png> </Users/ferriskleier/PECK/DigitalHumanities/Lovecraft_TopicModel/results/LDAvis_lambda-06/10.png>]) (./kapitel/08_conclusion.tex
Underfull \hbox (badness 10000) in paragraph at lines 3--8

 []

[13 </Users/ferriskleier/PECK/DigitalHumanities/Lovecraft_TopicModel/results/LDAvis_lambda-02/11.png>]
Underfull \hbox (badness 10000) in paragraph at lines 9--22

 []


Underfull \hbox (badness 10000) in paragraph at lines 23--30

 []

) (./kapitel/09_references.tex [14]
Underfull \hbox (badness 4940) in paragraph at lines 19--20
[]\OT1/cmr/m/n/10.95 H. P. Love-craft bib-li-og-ra-phy (2023). In \OT1/cmr/m/it/10.95 Wikipedia\OT1/cmr/m/n/10.95 . Re-trieved Feb 21 2023, from
 []


Overfull \hbox (12.20886pt too wide) in paragraph at lines 25--26
[]\OT1/cmr/m/n/10.95 https://en.wikisource.org/w/index.php?title=Author:Howard[]Phillips[]Lovecraft&oldid=12959276[] 
 []


Underfull \hbox (badness 10000) in paragraph at lines 28--29
[]\OT1/cmr/m/n/10.95 https://journalofdigitalhumanities.org/2-1/topic-modeling-and-digital-humanities-by-david-m-
 []


Underfull \hbox (badness 3895) in paragraph at lines 31--32
[]\OT1/cmr/m/n/10.95 Gustafson, K. (2005). \OT1/cmr/m/it/10.95 Be-yond the moun-tain of mad-ness : a look at the shared
 []


Underfull \hbox (badness 10000) in paragraph at lines 31--32
\OT1/cmr/m/it/10.95 themes of Edgar Al-lan Poe and H.P. Love-craft (Dis-ser-ta-tion)\OT1/cmr/m/n/10.95 . Re-trieved from
 []


Overfull \hbox (13.01802pt too wide) in paragraph at lines 34--35
[]\OT1/cmr/m/n/10.95 https://en.wikisource.org/w/index.php?title=Supernatural[]Horror[]in[]Literature&oldid=12891211[] 
 []


Underfull \hbox (badness 4168) in paragraph at lines 40--41
[]\OT1/cmr/m/n/10.95 Smith, P. (2011). \OT1/cmr/m/it/10.95 Re-visioning Romantic-Era Goth-icism: An In-tro-duc-tion to Key
 []


Underfull \hbox (badness 2689) in paragraph at lines 40--41
\OT1/cmr/m/it/10.95 Works and Themes in the Study of H.P. Love-craft\OT1/cmr/m/n/10.95 . Re-trieved Mar 01 2023, from
 []

) [15] (./ausarbeitung.aux)
Package rerunfilecheck Info: File `ausarbeitung.out' has not changed.
(rerunfilecheck)             Checksum: 571DEA73A33CAA93A68AC459C588D3BC;945.
 ) 
Here is how much of TeX's memory you used:
 11796 strings out of 478268
 195209 string characters out of 5846346
 608852 words of memory out of 5000000
 29757 multiletter control sequences out of 15000+600000
 473791 words of font info for 44 fonts, out of 8000000 for 9000
 1141 hyphenation exceptions out of 8191
 68i,6n,77p,539b,471s stack positions out of 10000i,1000n,20000p,200000b,200000s
</usr/local/texlive/2022/texmf-dist/fonts/type1/public/amsfonts/cm/cmbx12.pfb></usr/local/texlive/2022/texmf-dist/fonts/type1/public/amsfonts/cm/cmmi10.pfb></usr/local/texlive/2022/texmf-dist/fonts/type1/public/amsfonts/cm/cmr10.pfb></usr/local/texlive/2022/texmf-dist/fonts/type1/public/amsfonts/cm/cmti10.pfb></usr/local/texlive/2022/texmf-dist/fonts/type1/public/amsfonts/cm/cmtt10.pfb>
Output written on ausarbeitung.pdf (15 pages, 1718684 bytes).
PDF statistics:
 235 PDF objects out of 1000 (max. 8388607)
 190 compressed objects within 2 object streams
 65 named destinations out of 1000 (max. 500000)
 105 words of extra memory for PDF output out of 10000 (max. 10000000)

